<?xml version="1.0" encoding="UTF-8"?>
<testsuite xmlns:xsi="http://www.w3.org/2001/XMLSchema-instance" xsi:noNamespaceSchemaLocation="https://maven.apache.org/surefire/maven-surefire-plugin/xsd/surefire-test-report.xsd" name="TestSuite" time="23.074" tests="6" errors="0" skipped="0" failures="0">
  <properties>
[...]
</properties>
  <testcase name="runScenario" classname="Runners.testCoreRun" time="9.405"/>
  <testcase name="runScenario" classname="Runners.orderProductRun" time="5.102"/>
  <testcase name="runScenario" classname="Runners.CartTestRun" time="0.014"/>
  <testcase name="runScenario" classname="Runners.CartTestRun" time="0.013"/>
  <testcase name="runScenario" classname="Runners.CartTestRun" time="0.013"/>
  <testcase name="runScenario" classname="Runners.CartTestRun" time="0.009"/>
</testsuite>